2025-05-05 02:13:01,933 - INFO - Начинаем собирать данные с 5 страниц
2025-05-05 02:13:01,933 - INFO - Обработка страницы 1
2025-05-05 02:13:02,692 - INFO - Найдено 23 объявлений на странице 1
2025-05-05 02:13:02,692 - INFO - Обработка объявления: https://krisha.kz//a/show/685949862?srchid=01969d25-2ff1-7b98-b425-23be90d234f2&srchtype=hot_block_filter&srchpos=1
2025-05-05 02:13:04,164 - INFO - Обработка объявления: https://krisha.kz//a/show/681774942?srchid=01969d25-2ff1-7b98-b425-23be90d234f2&srchtype=hot_block_filter&srchpos=2
2025-05-05 02:13:05,532 - INFO - Обработка объявления: https://krisha.kz//a/show/1001321946?srchid=01969d25-2ff1-7b98-b425-23be90d234f2&srchtype=hot_block_filter&srchpos=3
2025-05-05 02:13:07,555 - INFO - Обработка объявления: https://krisha.kz//a/show/1000770708?srchid=01969d25-2ff1-7b98-b425-23be90d234f2&srchtype=filter&srchpos=1
2025-05-05 02:13:08,475 - INFO - Обработка объявления: https://krisha.kz//a/show/761862986?srchid=01969d25-2ff1-7b98-b425-23be90d234f2&srchtype=filter&srchpos=2
2025-05-05 02:13:10,049 - INFO - Обработка объявления: https://krisha.kz//a/show/691140019?srchid=01969d25-2ff1-7b98-b425-23be90d234f2&srchtype=filter&srchpos=3
2025-05-05 02:13:11,036 - INFO - Обработка объявления: https://krisha.kz//a/show/1001322233?srchid=01969d25-2ff1-7b98-b425-23be90d234f2&srchtype=filter&srchpos=4
2025-05-05 02:13:13,143 - INFO - Обработка объявления: https://krisha.kz//a/show/1000242753?srchid=01969d25-2ff1-7b98-b425-23be90d234f2&srchtype=filter&srchpos=5
2025-05-05 02:13:15,205 - INFO - Обработка объявления: https://krisha.kz//a/show/1001179185?srchid=01969d25-2ff1-7b98-b425-23be90d234f2&srchtype=filter&srchpos=6
2025-05-05 02:13:17,133 - INFO - Обработка объявления: https://krisha.kz//a/show/674311434?srchid=01969d25-2ff1-7b98-b425-23be90d234f2&srchtype=filter&srchpos=7
2025-05-05 02:13:18,958 - INFO - Обработка объявления: https://krisha.kz//a/show/1001072331?srchid=01969d25-2ff1-7b98-b425-23be90d234f2&srchtype=filter&srchpos=8
2025-05-05 02:13:19,725 - INFO - Обработка объявления: https://krisha.kz//a/show/1000343423?srchid=01969d25-2ff1-7b98-b425-23be90d234f2&srchtype=filter&srchpos=9
2025-05-05 02:13:20,537 - INFO - Обработка объявления: https://krisha.kz//a/show/761057562?srchid=01969d25-2ff1-7b98-b425-23be90d234f2&srchtype=filter&srchpos=10
2025-05-05 02:13:21,222 - INFO - Обработка объявления: https://krisha.kz//a/show/1000535877?srchid=01969d25-2ff1-7b98-b425-23be90d234f2&srchtype=filter&srchpos=11
2025-05-05 02:13:22,888 - INFO - Обработка объявления: https://krisha.kz//a/show/1000659167?srchid=01969d25-2ff1-7b98-b425-23be90d234f2&srchtype=filter&srchpos=12
2025-05-05 02:13:24,720 - INFO - Обработка объявления: https://krisha.kz//a/show/699116359?srchid=01969d25-2ff1-7b98-b425-23be90d234f2&srchtype=filter&srchpos=13
2025-05-05 02:13:26,019 - INFO - Обработка объявления: https://krisha.kz//a/show/761057857?srchid=01969d25-2ff1-7b98-b425-23be90d234f2&srchtype=filter&srchpos=14
2025-05-05 02:13:27,605 - INFO - Обработка объявления: https://krisha.kz//a/show/1001072014?srchid=01969d25-2ff1-7b98-b425-23be90d234f2&srchtype=filter&srchpos=15
2025-05-05 02:13:29,798 - INFO - Обработка объявления: https://krisha.kz//a/show/1001280340?srchid=01969d25-2ff1-7b98-b425-23be90d234f2&srchtype=filter&srchpos=16
2025-05-05 02:13:30,771 - INFO - Обработка объявления: https://krisha.kz//a/show/1000391329?srchid=01969d25-2ff1-7b98-b425-23be90d234f2&srchtype=filter&srchpos=17
2025-05-05 02:13:31,943 - INFO - Обработка объявления: https://krisha.kz//a/show/761705151?srchid=01969d25-2ff1-7b98-b425-23be90d234f2&srchtype=filter&srchpos=18
2025-05-05 02:13:33,745 - INFO - Обработка объявления: https://krisha.kz//a/show/1000788698?srchid=01969d25-2ff1-7b98-b425-23be90d234f2&srchtype=filter&srchpos=19
2025-05-05 02:13:34,545 - INFO - Обработка объявления: https://krisha.kz//a/show/698795499?srchid=01969d25-2ff1-7b98-b425-23be90d234f2&srchtype=filter&srchpos=20
2025-05-05 02:13:35,470 - INFO - Обработка страницы 2
2025-05-05 02:13:36,024 - INFO - Найдено 20 объявлений на странице 2
2025-05-05 02:13:36,024 - INFO - Обработка объявления: https://krisha.kz//a/show/1000755141?srchid=01969d25-b29f-7841-b6e6-8e7260400f6a&srchtype=filter&srchpos=21
2025-05-05 02:13:37,773 - INFO - Обработка объявления: https://krisha.kz//a/show/672970379?srchid=01969d25-b29f-7841-b6e6-8e7260400f6a&srchtype=filter&srchpos=22
2025-05-05 02:13:39,101 - INFO - Обработка объявления: https://krisha.kz//a/show/1000168222?srchid=01969d25-b29f-7841-b6e6-8e7260400f6a&srchtype=filter&srchpos=23
2025-05-05 02:13:41,034 - INFO - Обработка объявления: https://krisha.kz//a/show/681769914?srchid=01969d25-b29f-7841-b6e6-8e7260400f6a&srchtype=filter&srchpos=24
2025-05-05 02:13:42,819 - INFO - Обработка объявления: https://krisha.kz//a/show/1000934644?srchid=01969d25-b29f-7841-b6e6-8e7260400f6a&srchtype=filter&srchpos=25
2025-05-05 02:13:44,619 - INFO - Обработка объявления: https://krisha.kz//a/show/1000481076?srchid=01969d25-b29f-7841-b6e6-8e7260400f6a&srchtype=filter&srchpos=26
2025-05-05 02:13:46,751 - INFO - Обработка объявления: https://krisha.kz//a/show/760067348?srchid=01969d25-b29f-7841-b6e6-8e7260400f6a&srchtype=filter&srchpos=27
2025-05-05 02:13:47,739 - INFO - Обработка объявления: https://krisha.kz//a/show/1000868792?srchid=01969d25-b29f-7841-b6e6-8e7260400f6a&srchtype=filter&srchpos=28
2025-05-05 02:13:49,565 - INFO - Обработка объявления: https://krisha.kz//a/show/1001304984?srchid=01969d25-b29f-7841-b6e6-8e7260400f6a&srchtype=filter&srchpos=29
2025-05-05 02:13:50,691 - INFO - Обработка объявления: https://krisha.kz//a/show/678476205?srchid=01969d25-b29f-7841-b6e6-8e7260400f6a&srchtype=filter&srchpos=30
2025-05-05 02:13:52,524 - INFO - Обработка объявления: https://krisha.kz//a/show/691974814?srchid=01969d25-b29f-7841-b6e6-8e7260400f6a&srchtype=filter&srchpos=31
2025-05-05 02:13:54,505 - INFO - Обработка объявления: https://krisha.kz//a/show/1000532027?srchid=01969d25-b29f-7841-b6e6-8e7260400f6a&srchtype=filter&srchpos=32
2025-05-05 02:13:55,762 - INFO - Обработка объявления: https://krisha.kz//a/show/762278771?srchid=01969d25-b29f-7841-b6e6-8e7260400f6a&srchtype=filter&srchpos=33
2025-05-05 02:13:57,832 - INFO - Обработка объявления: https://krisha.kz//a/show/762075644?srchid=01969d25-b29f-7841-b6e6-8e7260400f6a&srchtype=filter&srchpos=34
2025-05-05 02:13:59,698 - INFO - Обработка объявления: https://krisha.kz//a/show/685076344?srchid=01969d25-b29f-7841-b6e6-8e7260400f6a&srchtype=filter&srchpos=35
2025-05-05 02:14:01,268 - INFO - Обработка объявления: https://krisha.kz//a/show/687515158?srchid=01969d25-b29f-7841-b6e6-8e7260400f6a&srchtype=filter&srchpos=36
2025-05-05 02:14:03,505 - INFO - Обработка объявления: https://krisha.kz//a/show/690669885?srchid=01969d25-b29f-7841-b6e6-8e7260400f6a&srchtype=filter&srchpos=37
2025-05-05 02:14:04,538 - INFO - Обработка объявления: https://krisha.kz//a/show/699355572?srchid=01969d25-b29f-7841-b6e6-8e7260400f6a&srchtype=filter&srchpos=38
2025-05-05 02:14:06,325 - INFO - Обработка объявления: https://krisha.kz//a/show/1000635449?srchid=01969d25-b29f-7841-b6e6-8e7260400f6a&srchtype=filter&srchpos=39
2025-05-05 02:14:08,086 - INFO - Обработка объявления: https://krisha.kz//a/show/1001058480?srchid=01969d25-b29f-7841-b6e6-8e7260400f6a&srchtype=filter&srchpos=40
2025-05-05 02:14:09,542 - INFO - Обработка страницы 3
2025-05-05 02:14:10,097 - INFO - Найдено 20 объявлений на странице 3
2025-05-05 02:14:10,097 - INFO - Обработка объявления: https://krisha.kz//a/show/761720394?srchid=01969d26-3799-7441-b4a7-e8e44021d330&srchtype=filter&srchpos=41
2025-05-05 02:14:12,058 - INFO - Обработка объявления: https://krisha.kz//a/show/1000335709?srchid=01969d26-3799-7441-b4a7-e8e44021d330&srchtype=filter&srchpos=42
2025-05-05 02:14:14,362 - INFO - Обработка объявления: https://krisha.kz//a/show/1000910160?srchid=01969d26-3799-7441-b4a7-e8e44021d330&srchtype=filter&srchpos=43
2025-05-05 02:14:15,613 - INFO - Обработка объявления: https://krisha.kz//a/show/1000602579?srchid=01969d26-3799-7441-b4a7-e8e44021d330&srchtype=filter&srchpos=44
2025-05-05 02:14:17,590 - INFO - Обработка объявления: https://krisha.kz//a/show/694875496?srchid=01969d26-3799-7441-b4a7-e8e44021d330&srchtype=filter&srchpos=45
2025-05-05 02:14:18,404 - INFO - Обработка объявления: https://krisha.kz//a/show/762075592?srchid=01969d26-3799-7441-b4a7-e8e44021d330&srchtype=filter&srchpos=46
2025-05-05 02:14:19,329 - INFO - Обработка объявления: https://krisha.kz//a/show/683325297?srchid=01969d26-3799-7441-b4a7-e8e44021d330&srchtype=filter&srchpos=47
2025-05-05 02:14:21,498 - INFO - Обработка объявления: https://krisha.kz//a/show/670039976?srchid=01969d26-3799-7441-b4a7-e8e44021d330&srchtype=filter&srchpos=48
2025-05-05 02:14:24,125 - INFO - Обработка объявления: https://krisha.kz//a/show/1001101491?srchid=01969d26-3799-7441-b4a7-e8e44021d330&srchtype=filter&srchpos=49
2025-05-05 02:14:25,015 - INFO - Обработка объявления: https://krisha.kz//a/show/680211058?srchid=01969d26-3799-7441-b4a7-e8e44021d330&srchtype=filter&srchpos=50
2025-05-05 02:14:26,367 - INFO - Обработка объявления: https://krisha.kz//a/show/760132255?srchid=01969d26-3799-7441-b4a7-e8e44021d330&srchtype=filter&srchpos=51
2025-05-05 02:14:27,417 - INFO - Обработка объявления: https://krisha.kz//a/show/697429863?srchid=01969d26-3799-7441-b4a7-e8e44021d330&srchtype=filter&srchpos=52
2025-05-05 02:14:28,154 - INFO - Обработка объявления: https://krisha.kz//a/show/1000170383?srchid=01969d26-3799-7441-b4a7-e8e44021d330&srchtype=filter&srchpos=53
2025-05-05 02:14:30,085 - INFO - Обработка объявления: https://krisha.kz//a/show/760471410?srchid=01969d26-3799-7441-b4a7-e8e44021d330&srchtype=filter&srchpos=54
2025-05-05 02:14:31,739 - INFO - Обработка объявления: https://krisha.kz//a/show/1001163179?srchid=01969d26-3799-7441-b4a7-e8e44021d330&srchtype=filter&srchpos=55
2025-05-05 02:14:33,789 - INFO - Обработка объявления: https://krisha.kz//a/show/677347276?srchid=01969d26-3799-7441-b4a7-e8e44021d330&srchtype=filter&srchpos=56
2025-05-05 02:14:35,983 - INFO - Обработка объявления: https://krisha.kz//a/show/1000273201?srchid=01969d26-3799-7441-b4a7-e8e44021d330&srchtype=filter&srchpos=57
2025-05-05 02:14:37,109 - INFO - Обработка объявления: https://krisha.kz//a/show/1000647545?srchid=01969d26-3799-7441-b4a7-e8e44021d330&srchtype=filter&srchpos=58
2025-05-05 02:14:38,457 - INFO - Обработка объявления: https://krisha.kz//a/show/1000639251?srchid=01969d26-3799-7441-b4a7-e8e44021d330&srchtype=filter&srchpos=59
2025-05-05 02:14:40,014 - INFO - Обработка объявления: https://krisha.kz//a/show/51806462?srchid=01969d26-3799-7441-b4a7-e8e44021d330&srchtype=filter&srchpos=60
2025-05-05 02:14:41,491 - INFO - Обработка страницы 4
2025-05-05 02:14:42,129 - INFO - Найдено 20 объявлений на странице 4
2025-05-05 02:14:42,130 - INFO - Обработка объявления: https://krisha.kz//a/show/692786902?srchid=01969d26-b470-73b1-83dd-fa17cc434dcb&srchtype=filter&srchpos=61
2025-05-05 02:14:43,554 - INFO - Обработка объявления: https://krisha.kz//a/show/689738065?srchid=01969d26-b470-73b1-83dd-fa17cc434dcb&srchtype=filter&srchpos=62
2025-05-05 02:14:45,633 - INFO - Обработка объявления: https://krisha.kz//a/show/1000855612?srchid=01969d26-b470-73b1-83dd-fa17cc434dcb&srchtype=filter&srchpos=63
2025-05-05 02:14:47,488 - INFO - Обработка объявления: https://krisha.kz//a/show/1000651310?srchid=01969d26-b470-73b1-83dd-fa17cc434dcb&srchtype=filter&srchpos=64
2025-05-05 02:14:48,321 - INFO - Обработка объявления: https://krisha.kz//a/show/697954682?srchid=01969d26-b470-73b1-83dd-fa17cc434dcb&srchtype=filter&srchpos=65
2025-05-05 02:14:50,375 - INFO - Обработка объявления: https://krisha.kz//a/show/688491236?srchid=01969d26-b470-73b1-83dd-fa17cc434dcb&srchtype=filter&srchpos=66
2025-05-05 02:14:52,428 - INFO - Обработка объявления: https://krisha.kz//a/show/687789066?srchid=01969d26-b470-73b1-83dd-fa17cc434dcb&srchtype=filter&srchpos=67
2025-05-05 02:14:54,473 - INFO - Обработка объявления: https://krisha.kz//a/show/688546682?srchid=01969d26-b470-73b1-83dd-fa17cc434dcb&srchtype=filter&srchpos=68
2025-05-05 02:14:56,590 - INFO - Обработка объявления: https://krisha.kz//a/show/1001320870?srchid=01969d26-b470-73b1-83dd-fa17cc434dcb&srchtype=filter&srchpos=69
2025-05-05 02:14:57,452 - INFO - Обработка объявления: https://krisha.kz//a/show/761095982?srchid=01969d26-b470-73b1-83dd-fa17cc434dcb&srchtype=filter&srchpos=70
2025-05-05 02:14:58,175 - INFO - Обработка объявления: https://krisha.kz//a/show/690105578?srchid=01969d26-b470-73b1-83dd-fa17cc434dcb&srchtype=filter&srchpos=71
2025-05-05 02:14:59,348 - INFO - Обработка объявления: https://krisha.kz//a/show/761402992?srchid=01969d26-b470-73b1-83dd-fa17cc434dcb&srchtype=filter&srchpos=72
2025-05-05 02:15:00,759 - INFO - Обработка объявления: https://krisha.kz//a/show/698827194?srchid=01969d26-b470-73b1-83dd-fa17cc434dcb&srchtype=filter&srchpos=73
2025-05-05 02:15:02,470 - INFO - Обработка объявления: https://krisha.kz//a/show/760790078?srchid=01969d26-b470-73b1-83dd-fa17cc434dcb&srchtype=filter&srchpos=74
2025-05-05 02:15:04,349 - INFO - Обработка объявления: https://krisha.kz//a/show/1000678979?srchid=01969d26-b470-73b1-83dd-fa17cc434dcb&srchtype=filter&srchpos=75
2025-05-05 02:15:05,867 - INFO - Обработка объявления: https://krisha.kz//a/show/697874711?srchid=01969d26-b470-73b1-83dd-fa17cc434dcb&srchtype=filter&srchpos=76
2025-05-05 02:15:07,406 - INFO - Обработка объявления: https://krisha.kz//a/show/1001112632?srchid=01969d26-b470-73b1-83dd-fa17cc434dcb&srchtype=filter&srchpos=77
2025-05-05 02:15:08,646 - INFO - Обработка объявления: https://krisha.kz//a/show/1001216652?srchid=01969d26-b470-73b1-83dd-fa17cc434dcb&srchtype=filter&srchpos=78
2025-05-05 02:15:09,884 - INFO - Обработка объявления: https://krisha.kz//a/show/691666711?srchid=01969d26-b470-73b1-83dd-fa17cc434dcb&srchtype=filter&srchpos=79
2025-05-05 02:15:11,089 - INFO - Обработка объявления: https://krisha.kz//a/show/761731749?srchid=01969d26-b470-73b1-83dd-fa17cc434dcb&srchtype=filter&srchpos=80
2025-05-05 02:15:12,203 - INFO - Обработка страницы 5
2025-05-05 02:15:12,830 - INFO - Найдено 20 объявлений на странице 5
2025-05-05 02:15:12,830 - INFO - Обработка объявления: https://krisha.kz//a/show/1000800382?srchid=01969d27-2c5c-75f4-80c1-647914a6da79&srchtype=filter&srchpos=81
2025-05-05 02:15:13,974 - INFO - Обработка объявления: https://krisha.kz//a/show/1001244646?srchid=01969d27-2c5c-75f4-80c1-647914a6da79&srchtype=filter&srchpos=82
2025-05-05 02:15:15,513 - INFO - Обработка объявления: https://krisha.kz//a/show/760428919?srchid=01969d27-2c5c-75f4-80c1-647914a6da79&srchtype=filter&srchpos=83
2025-05-05 02:15:17,736 - INFO - Обработка объявления: https://krisha.kz//a/show/682456633?srchid=01969d27-2c5c-75f4-80c1-647914a6da79&srchtype=filter&srchpos=84
2025-05-05 02:15:19,398 - INFO - Обработка объявления: https://krisha.kz//a/show/686576742?srchid=01969d27-2c5c-75f4-80c1-647914a6da79&srchtype=filter&srchpos=85
2025-05-05 02:15:20,770 - INFO - Обработка объявления: https://krisha.kz//a/show/762184779?srchid=01969d27-2c5c-75f4-80c1-647914a6da79&srchtype=filter&srchpos=86
2025-05-05 02:15:22,795 - INFO - Обработка объявления: https://krisha.kz//a/show/1000298677?srchid=01969d27-2c5c-75f4-80c1-647914a6da79&srchtype=filter&srchpos=87
2025-05-05 02:15:24,806 - INFO - Обработка объявления: https://krisha.kz//a/show/697411085?srchid=01969d27-2c5c-75f4-80c1-647914a6da79&srchtype=filter&srchpos=88
2025-05-05 02:15:25,590 - INFO - Обработка объявления: https://krisha.kz//a/show/761527556?srchid=01969d27-2c5c-75f4-80c1-647914a6da79&srchtype=filter&srchpos=89
2025-05-05 02:15:27,268 - INFO - Обработка объявления: https://krisha.kz//a/show/699074132?srchid=01969d27-2c5c-75f4-80c1-647914a6da79&srchtype=filter&srchpos=90
2025-05-05 02:15:28,093 - INFO - Обработка объявления: https://krisha.kz//a/show/689405922?srchid=01969d27-2c5c-75f4-80c1-647914a6da79&srchtype=filter&srchpos=91
2025-05-05 02:15:29,284 - INFO - Обработка объявления: https://krisha.kz//a/show/1000497247?srchid=01969d27-2c5c-75f4-80c1-647914a6da79&srchtype=filter&srchpos=92
2025-05-05 02:15:31,189 - INFO - Обработка объявления: https://krisha.kz//a/show/687425273?srchid=01969d27-2c5c-75f4-80c1-647914a6da79&srchtype=filter&srchpos=93
2025-05-05 02:15:32,943 - INFO - Обработка объявления: https://krisha.kz//a/show/694442259?srchid=01969d27-2c5c-75f4-80c1-647914a6da79&srchtype=filter&srchpos=94
2025-05-05 02:15:33,777 - INFO - Обработка объявления: https://krisha.kz//a/show/1000151206?srchid=01969d27-2c5c-75f4-80c1-647914a6da79&srchtype=filter&srchpos=95
2025-05-05 02:15:35,646 - INFO - Обработка объявления: https://krisha.kz//a/show/761461999?srchid=01969d27-2c5c-75f4-80c1-647914a6da79&srchtype=filter&srchpos=96
2025-05-05 02:15:36,840 - INFO - Обработка объявления: https://krisha.kz//a/show/693369420?srchid=01969d27-2c5c-75f4-80c1-647914a6da79&srchtype=filter&srchpos=97
2025-05-05 02:15:38,798 - INFO - Обработка объявления: https://krisha.kz//a/show/690709745?srchid=01969d27-2c5c-75f4-80c1-647914a6da79&srchtype=filter&srchpos=98
2025-05-05 02:15:40,872 - INFO - Обработка объявления: https://krisha.kz//a/show/1001320321?srchid=01969d27-2c5c-75f4-80c1-647914a6da79&srchtype=filter&srchpos=99
2025-05-05 02:15:42,648 - INFO - Обработка объявления: https://krisha.kz//a/show/1001070259?srchid=01969d27-2c5c-75f4-80c1-647914a6da79&srchtype=filter&srchpos=100
2025-05-05 02:15:44,091 - INFO - Скрапинг завершен за 162.16 секунд
2025-05-05 02:15:44,091 - INFO - Собрано 103 объявлений
2025-05-05 02:15:44,100 - INFO - Данные сохранены в c:\Users\Shind\OneDrive\Рабочий стол\Realtor.ai\data\apartments.csv
